2016-03-04T17:40:38 Checking update-file '/usr/share/kde4/apps/kconf_update/kpgp.upd' for new updates
2016-03-04T17:40:38 kpgp.upd: Found new update 'preKDE3_a'
2016-03-04T17:40:38 kpgp.upd: File 'kpgprc' does not exist or empty, skipping
2016-03-04T17:40:38 kpgp.upd: Found new update '3.1-1'
2016-03-04T17:40:38 kpgp.upd: File 'kpgprc' does not exist or empty, skipping
2016-03-04T17:40:38 Checking update-file '/usr/share/kde4/apps/kconf_update/amarok.upd' for new updates
2016-03-04T17:40:38 amarok.upd: Found new update '1'
2016-03-04T17:40:38 amarok.upd: Running script 'amarok-2.4.1-tokens_syntax_update.pl'
2016-03-04T17:40:38 Checking update-file '/usr/share/kde4/apps/kconf_update/kubuntu-update-sal.upd' for new updates
2016-03-04T17:40:38 kubuntu-update-sal.upd: Found new update 'kubuntu-update-sal'
2016-03-04T17:40:38 kubuntu-update-sal.upd: File 'plasma-netbook-appletsrc' does not exist or empty, skipping
2016-03-04T17:40:38 Checking update-file '/usr/share/kde4/apps/kconf_update/kwin_remove_effects.upd' for new updates
2016-03-04T17:40:38 kwin_remove_effects.upd: Found new update 'kwin4.7_effects'
2016-03-04T17:40:38 kwin_remove_effects.upd: File 'kwinrc' does not exist or empty, skipping
2016-03-04T17:40:38 Checking update-file '/usr/share/kde4/apps/kconf_update/noteglobalsettings.upd' for new updates
2016-03-04T17:40:38 noteglobalsettings.upd: Found new update 'initial-noteagent-migration'
2016-03-04T17:40:38 noteglobalsettings.upd: Found new update 'selectcollection-noteagent-migration'
2016-03-04T17:40:38 Checking update-file '/usr/share/kde4/apps/kconf_update/kcookiescfg.upd' for new updates
2016-03-04T17:40:38 kcookiescfg.upd: Found new update 'kde2.2/b1'
2016-03-04T17:40:38 kcookiescfg.upd: File 'kcookiejarrc' does not exist or empty, skipping
2016-03-04T17:40:38 kcookiescfg.upd: Found new update 'kde3.1/cvs'
2016-03-04T17:40:38 kcookiescfg.upd: File 'kcookiejarrc' does not exist or empty, skipping
2016-03-04T17:40:38 kcookiescfg.upd: Found new update 'kde4.10/git'
2016-03-04T17:40:38 kcookiescfg.upd: File 'kcookiejarrc' does not exist or empty, skipping
2016-03-04T17:40:38 Checking update-file '/usr/share/kde4/apps/kconf_update/drkonqi-rename-config-section.upd' for new updates
2016-03-04T17:40:38 drkonqi-rename-config-section.upd: Found new update 'kde-4.11'
2016-03-04T17:40:38 drkonqi-rename-config-section.upd: File 'drkonqirc' does not exist or empty, skipping
2016-03-04T17:40:38 Checking update-file '/usr/share/kde4/apps/kconf_update/kioslave.upd' for new updates
2016-03-04T17:40:38 kioslave.upd: Found new update 'kde2.2/r1'
2016-03-04T17:40:38 kioslave.upd: File 'kioslaverc' does not exist or empty, skipping
2016-03-04T17:40:38 kioslave.upd: Skipping update 'kde2.2/r1'
2016-03-04T17:40:38 kioslave.upd: File 'kioslaverc' does not exist or empty, skipping
2016-03-04T17:40:38 kioslave.upd: Found new update 'kde2.2/r2'
2016-03-04T17:40:38 kioslave.upd: File 'kioslaverc' does not exist or empty, skipping
2016-03-04T17:40:38 kioslave.upd: Found new update 'kde2.2/r3'
2016-03-04T17:40:38 kioslave.upd: File 'kioslaverc' does not exist or empty, skipping
2016-03-04T17:40:38 Checking update-file '/usr/share/kde4/apps/kconf_update/kwin_update_tabbox_qml_settings.upd' for new updates
2016-03-04T17:40:38 kwin_update_tabbox_qml_settings.upd: Found new update 'Kwin-4.8'
2016-03-04T17:40:38 kwin_update_tabbox_qml_settings.upd: Running script 'kwin_update_tabbox_qml_settings'
2016-03-04T17:40:38 [Script] QDBusConnection: session D-Bus connection created before QCoreApplication. Application may misbehave.
2016-03-04T17:40:38 Checking update-file '/usr/share/kde4/apps/kconf_update/devicepreference.upd' for new updates
2016-03-04T17:40:38 devicepreference.upd: Found new update 'DevicesMovedToPlatformPlugin'
2016-03-04T17:40:38 devicepreference.upd: Running script 'phonon_devicepreference_update'
2016-03-04T17:40:38 devicepreference.upd: Found new update 'DevicesUIDsChanged'
2016-03-04T17:40:38 devicepreference.upd: Running script 'phonon_deviceuids_update'
2016-03-04T17:40:38 Checking update-file '/usr/share/kde4/apps/kconf_update/krdb_libpathwipe.upd' for new updates
2016-03-04T17:40:38 krdb_libpathwipe.upd: Found new update 'LibraryPathWipeOutKubuntu'
2016-03-04T17:40:38 krdb_libpathwipe.upd: Running script 'krdb_clearlibrarypath'
2016-03-04T17:40:38 Checking update-file '/usr/share/kde4/apps/kconf_update/okular.upd' for new updates
2016-03-04T17:40:38 okular.upd: Found new update 'sep_settings'
2016-03-04T17:40:38 okular.upd: Updating okularpartrc:Core General:ObeyDRM to 'false'
2016-03-04T17:40:38 okular.upd: Removing okularpartrc:General:ObeyDRM, moved.
2016-03-04T17:40:38 Checking update-file '/usr/share/kde4/apps/kconf_update/notifications-to-orgkdenotifications.upd' for new updates
2016-03-04T17:40:38 notifications-to-orgkdenotifications.upd: Found new update '4.10QmlNotifications'
2016-03-04T17:40:38 notifications-to-orgkdenotifications.upd: Running script 'notifications-to-orgkdenotifications'
2016-03-04T17:40:38 Checking update-file '/usr/share/kde4/apps/kconf_update/konsole.upd' for new updates
2016-03-04T17:40:38 konsole.upd: Found new update '2.9.0-global-options'
2016-03-04T17:40:38 konsole.upd: File 'konsolerc' does not exist or empty, skipping
2016-03-04T17:40:38 konsole.upd: Found new update '2.9.0-colorscheme-bold-key'
2016-03-04T17:40:38 konsole.upd: Running script 'konsole-2.9.0-colorscheme-bold-key.sh'
2016-03-04T17:40:38 konsole.upd: Found new update '2.10.0-remove-menuindex-from-profiles'
2016-03-04T17:40:38 konsole.upd: Running script 'konsole-2.10.0-remove-menuindex-from-profiles.sh'
2016-03-04T17:40:38 Checking update-file '/usr/share/kde4/apps/kconf_update/korganizer.upd' for new updates
2016-03-04T17:40:38 korganizer.upd: Found new update 'korganizer_3.4_GroupwareCleanup'
2016-03-04T17:40:38 korganizer.upd: File 'korganizerrc' does not exist or empty, skipping
2016-03-04T17:40:38 korganizer.upd: Found new update 'korganizer_3.4_WebExport'
2016-03-04T17:40:38 korganizer.upd: File 'korganizerrc' does not exist or empty, skipping
2016-03-04T17:40:38 korganizer.upd: Found new update 'korganizer_3.4_FilterAction'
2016-03-04T17:40:38 korganizer.upd: File 'korganizerrc' does not exist or empty, skipping
2016-03-04T17:40:38 korganizer.upd: Found new update 'korganizer_3.4_HolidayPlugin'
2016-03-04T17:40:38 korganizer.upd: File 'korganizerrc' does not exist or empty, skipping
2016-03-04T17:40:38 korganizer.upd: Found new update 'korganizer_4.3_ShowTodos'
2016-03-04T17:40:38 korganizer.upd: File 'korganizerrc' does not exist or empty, skipping
2016-03-04T17:40:38 korganizer.upd: Found new update 'korganizer_4.4_MoveFreeBusy'
2016-03-04T17:40:38 korganizer.upd: File 'korganizerrc' does not exist or empty, skipping
2016-03-04T17:40:38 korganizer.upd: Found new update 'korganizer_4.13_RenamePrintingRC'
2016-03-04T17:40:38 korganizer.upd: File 'korganizer_printing.rc' does not exist or empty, skipping
2016-03-04T17:40:38 Checking update-file '/usr/share/kde4/apps/kconf_update/plasmarc-to-plasmadesktoprc.upd' for new updates
2016-03-04T17:40:38 plasmarc-to-plasmadesktoprc.upd: Found new update '4.3plasma-desktop'
2016-03-04T17:40:38 plasmarc-to-plasmadesktoprc.upd: Running script 'plasma-to-plasma-desktop'
2016-03-04T17:40:38 Checking update-file '/usr/share/kde4/apps/kconf_update/kwallet-4.13.upd' for new updates
2016-03-04T17:40:38 kwallet-4.13.upd: Found new update 'kde4.13'
2016-03-04T17:40:38 kwallet-4.13.upd: RemoveKey removes kwalletrc:Wallet:Launch Manager
2016-03-04T17:40:38 Checking update-file '/usr/share/kde4/apps/kconf_update/kwin_update_49.upd' for new updates
2016-03-04T17:40:38 kwin_update_49.upd: Found new update 'Kwin-4.9'
2016-03-04T17:40:38 kwin_update_49.upd: Running script 'kwin_update_settings_49'
2016-03-04T17:40:38 [Script] QDBusConnection: session D-Bus connection created before QCoreApplication. Application may misbehave.
2016-03-04T17:40:38 Checking update-file '/usr/share/kde4/apps/kconf_update/kwin_update_411.upd' for new updates
2016-03-04T17:40:38 kwin_update_411.upd: Found new update 'Kwin-4.11_0'
2016-03-04T17:40:38 kwin_update_411.upd: Running script 'kwin_update_settings_411'
2016-03-04T17:40:38 Checking update-file '/usr/share/kde4/apps/kconf_update/klipper-kconfigxt.upd' for new updates
2016-03-04T17:40:38 klipper-kconfigxt.upd: Found new update 'KlipperNoSpacesInKeyNames'
2016-03-04T17:40:38 Checking update-file '/usr/share/kde4/apps/kconf_update/kcalcrc.upd' for new updates
2016-03-04T17:40:38 kcalcrc.upd: Found new update 'KDE_3_2_0'
2016-03-04T17:40:38 kcalcrc.upd: File 'kcalcrc' does not exist or empty, skipping
2016-03-04T17:40:38 kcalcrc.upd: Found new update 'KDE_4_3_0'
2016-03-04T17:40:38 kcalcrc.upd: File 'kcalcrc' does not exist or empty, skipping
2016-03-04T17:40:38 Checking update-file '/usr/share/kde4/apps/kconf_update/kwin_remove_delay_focus.upd' for new updates
2016-03-04T17:40:38 kwin_remove_delay_focus.upd: Found new update 'Kwin-4.8'
2016-03-04T17:40:38 kwin_remove_delay_focus.upd: Running script 'kwin_remove_delay_focus.sh'
2016-03-04T17:40:38 Checking update-file '/usr/share/kde4/apps/kconf_update/kwin_translate_confrequest_rule.upd' for new updates
2016-03-04T17:40:38 kwin_translate_confrequest_rule.upd: Found new update 'Kwin-4.11'
2016-03-04T17:40:38 kwin_translate_confrequest_rule.upd: Running script 'kwin_translate_confrequest_rule.sh'
2016-03-04T17:40:39 Checking update-file '/usr/share/kde4/apps/kconf_update/kate-2.4.upd' for new updates
2016-03-04T17:40:39 kate-2.4.upd: Found new update 'kate2.4'
2016-03-04T17:40:40 Checking update-file '/usr/share/kde4/apps/kconf_update/newmailnotifier.upd' for new updates
2016-03-04T17:40:40 newmailnotifier.upd: Found new update 'initial-newmailnotifier-migration'
2016-03-04T17:40:40 newmailnotifier.upd: File 'kmail2rc' does not exist or empty, skipping
2016-03-04T17:40:40 Checking update-file '/usr/share/kde4/apps/kconf_update/kuriikwsfilter.upd' for new updates
2016-03-04T17:40:40 kuriikwsfilter.upd: Found new update 'post-kde3.1/cvs'
2016-03-04T17:40:40 kuriikwsfilter.upd: Found new update 'pre-kde4.9'
2016-03-04T17:40:40 kuriikwsfilter.upd: Skipping kuriikwsfilterrc:General:DefaultWebShortcut, already exists.
2016-03-04T17:40:40 Checking update-file '/usr/share/kde4/apps/kconf_update/plasma-to-plasmadesktop-shortcuts.upd' for new updates
2016-03-04T17:40:41 plasma-to-plasmadesktop-shortcuts.upd: Found new update '4.3plasma-desktop-shortcuts'
2016-03-04T17:40:41 Checking update-file '/usr/share/kde4/apps/kconf_update/kio_help.upd' for new updates
2016-03-04T17:40:41 kio_help.upd: Found new update 'kde3_2'
2016-03-04T17:40:41 kio_help.upd: Running script 'move_kio_help_cache.sh'
2016-03-04T17:40:41 [Script] mv: cannot stat ‘/home/vp/.kde/share/apps/kio_help/cache’: No such file or directory
2016-03-04T17:40:41 [Script] rmdir: failed to remove ‘/home/vp/.kde/share/apps/kio_help’: No such file or directory
2016-03-04T17:40:41 Checking update-file '/usr/share/kde4/apps/kconf_update/kwin_translate_activity_rule.upd' for new updates
2016-03-04T17:40:41 kwin_translate_activity_rule.upd: Found new update 'Kwin-4.10'
2016-03-04T17:40:41 kwin_translate_activity_rule.upd: Running script 'kwin_translate_activity_rule.sh'
2016-03-04T17:40:41 Checking update-file '/usr/share/kde4/apps/kconf_update/ksslcertificatemanager.upd' for new updates
2016-03-04T17:40:41 ksslcertificatemanager.upd: Found new update 'kde4.2'
2016-03-04T17:40:41 ksslcertificatemanager.upd: Running script 'ksslcertificatemanager.upd.sh'
2016-03-04T17:40:41 [Script] rm: cannot remove ‘/home/vp/.kde//share/config/ksslcertificatemanager’: No such file or directory
2016-03-04T17:40:41 ksslcertificatemanager.upd: !! An error occurred while running 'sh /usr/share/kde4/apps/kconf_update/ksslcertificatemanager.upd.sh'
2016-03-04T17:40:41 Checking update-file '/usr/share/kde4/apps/kconf_update/konsole_remove_background_mode.upd' for new updates
2016-03-04T17:40:41 konsole_remove_background_mode.upd: Found new update '2.11.0-remove-background-mode'
2016-03-04T17:40:41 Checking update-file '/usr/share/kde4/apps/kconf_update/kmail.upd' for new updates
2016-03-04T17:40:41 kmail.upd: Found new update '1'
2016-03-04T17:40:41 kmail.upd: File 'kmail2rc' does not exist or empty, skipping
2016-03-04T17:40:41 kmail.upd: Found new update '4'
2016-03-04T17:40:41 kmail.upd: File 'kmail2rc' does not exist or empty, skipping
2016-03-04T17:40:41 kmail.upd: Found new update '5'
2016-03-04T17:40:41 kmail.upd: File 'kmail2rc' does not exist or empty, skipping
2016-03-04T17:40:41 kmail.upd: File 'kpgprc' does not exist or empty, skipping
2016-03-04T17:40:41 kmail.upd: Found new update '6'
2016-03-04T17:40:41 kmail.upd: File 'kmail2rc' does not exist or empty, skipping
2016-03-04T17:40:41 kmail.upd: Found new update '7'
2016-03-04T17:40:41 kmail.upd: File 'kmail2rc' does not exist or empty, skipping
2016-03-04T17:40:41 kmail.upd: Found new update '8'
2016-03-04T17:40:41 kmail.upd: File 'kmail2rc' does not exist or empty, skipping
2016-03-04T17:40:41 kmail.upd: Found new update '9'
2016-03-04T17:40:41 kmail.upd: File 'kmail2rc' does not exist or empty, skipping
2016-03-04T17:40:41 kmail.upd: Found new update '3.1-update-identities'
2016-03-04T17:40:41 kmail.upd: File 'kmail2rc' does not exist or empty, skipping
2016-03-04T17:40:41 kmail.upd: Found new update '3.1-use-identity-uoids'
2016-03-04T17:40:41 kmail.upd: File 'kmail2rc' does not exist or empty, skipping
2016-03-04T17:40:41 kmail.upd: Found new update '3.1-new-mail-notification'
2016-03-04T17:40:41 kmail.upd: File 'kmail2rc' does not exist or empty, skipping
2016-03-04T17:40:41 kmail.upd: Found new update '3.2-update-loop-on-goto-unread-settings'
2016-03-04T17:40:41 kmail.upd: File 'kmail2rc' does not exist or empty, skipping
2016-03-04T17:40:41 kmail.upd: Found new update '3.1.4-dont-use-UOID-0-for-any-identity'
2016-03-04T17:40:41 kmail.upd: File 'kmail2rc' does not exist or empty, skipping
2016-03-04T17:40:41 kmail.upd: Found new update '3.2-misc'
2016-03-04T17:40:41 kmail.upd: File 'kmail2rc' does not exist or empty, skipping
2016-03-04T17:40:41 kmail.upd: Found new update '3.2-moves'
2016-03-04T17:40:41 kmail.upd: File 'kmail2rc' does not exist or empty, skipping
2016-03-04T17:40:41 kmail.upd: Found new update '3.3-use-ID-for-accounts'
2016-03-04T17:40:41 kmail.upd: File 'kmail2rc' does not exist or empty, skipping
2016-03-04T17:40:41 kmail.upd: Found new update '3.3-update-filter-rules'
2016-03-04T17:40:41 kmail.upd: File 'kmail2rc' does not exist or empty, skipping
2016-03-04T17:40:41 kmail.upd: Found new update '3.3-move-identities-to-own-file'
2016-03-04T17:40:41 kmail.upd: File 'kmail2rc' does not exist or empty, skipping
2016-03-04T17:40:41 kmail.upd: Found new update '3.3-aegypten-kpgprc-to-kmailrc'
2016-03-04T17:40:41 kmail.upd: File 'kpgprc' does not exist or empty, skipping
2016-03-04T17:40:41 kmail.upd: Found new update '3.3-aegypten-kpgprc-to-libkleopatrarc'
2016-03-04T17:40:41 kmail.upd: File 'kpgprc' does not exist or empty, skipping
2016-03-04T17:40:41 kmail.upd: Found new update '3.3-aegypten-emailidentities-split-sign-encr-keys'
2016-03-04T17:40:41 kmail.upd: File 'emailidentities' does not exist or empty, skipping
2016-03-04T17:40:41 kmail.upd: Found new update '3.3-misc'
2016-03-04T17:40:41 kmail.upd: File 'kmail2rc' does not exist or empty, skipping
2016-03-04T17:40:41 kmail.upd: Found new update '3.3b1-misc'
2016-03-04T17:40:41 kmail.upd: File 'kmail2rc' does not exist or empty, skipping
2016-03-04T17:40:41 kmail.upd: Found new update '3.4'
2016-03-04T17:40:41 kmail.upd: File 'kmail2rc' does not exist or empty, skipping
2016-03-04T17:40:41 kmail.upd: Found new update '3.4a'
2016-03-04T17:40:41 kmail.upd: File 'kmail2rc' does not exist or empty, skipping
2016-03-04T17:40:41 kmail.upd: Found new update '3.4b'
2016-03-04T17:40:41 kmail.upd: File 'kmail2rc' does not exist or empty, skipping
2016-03-04T17:40:41 kmail.upd: Found new update '3.4.1'
2016-03-04T17:40:41 kmail.upd: File 'kmail2rc' does not exist or empty, skipping
2016-03-04T17:40:41 kmail.upd: Found new update '3.5.4'
2016-03-04T17:40:41 kmail.upd: File 'kmail2rc' does not exist or empty, skipping
2016-03-04T17:40:41 kmail.upd: Found new update '3.5.7-imap-flag-migration'
2016-03-04T17:40:41 kmail.upd: File 'kmail2rc' does not exist or empty, skipping
2016-03-04T17:40:41 kmail.upd: Found new update '4.0-misc'
2016-03-04T17:40:41 kmail.upd: File 'kmail2rc' does not exist or empty, skipping
2016-03-04T17:40:42 kmail.upd: Found new update '4.2'
2016-03-04T17:40:42 kmail.upd: File 'kmail2rc' does not exist or empty, skipping
2016-03-04T17:40:42 kmail.upd: Found new update '4.4-akonadi'
2016-03-04T17:40:42 kmail.upd: File 'kmail2rc' does not exist or empty, skipping
2016-03-04T17:40:42 kmail.upd: Found new update '4.12'
2016-03-04T17:40:42 kmail.upd: File 'kmail2rc' does not exist or empty, skipping
2016-03-04T17:40:42 kmail.upd: Found new update '4.13'
2016-03-04T17:40:42 kmail.upd: File 'akonadi_folderarchive_agentrc' does not exist or empty, skipping
2016-03-04T17:40:42 kmail.upd: Found new update '4.13.2'
2016-03-04T17:40:42 kmail.upd: File 'kmail2rc' does not exist or empty, skipping
2016-03-04T17:40:42 Checking update-file '/usr/share/kde4/apps/kconf_update/kubuntu-fix-kwin-default-size.upd' for new updates
2016-03-04T17:40:42 kubuntu-fix-kwin-default-size.upd: Found new update 'kubuntu-fix-kwin-default-size'
2016-03-04T17:40:42 kubuntu-fix-kwin-default-size.upd: File 'kwinrulesrc' does not exist or empty, skipping
2016-03-04T17:40:43 Checking update-file '/usr/share/kde4/apps/kconf_update/kubuntu-update-kickoff2.upd' for new updates
2016-03-04T17:40:43 kubuntu-update-kickoff2.upd: Found new update 'kubuntu-update-kickoff'
2016-03-04T17:40:43 kubuntu-update-kickoff2.upd: Skipping kickoffrc:Favorites:FavoriteURLs, already exists.
2016-03-04T17:40:43 kubuntu-update-kickoff2.upd: Running script 'kubuntu-update-kickoff2.sh'
2016-03-04T17:40:43 Checking update-file '/usr/share/kde4/apps/kconf_update/kded.upd' for new updates
2016-03-04T17:40:43 kded.upd: Found new update 'kde3.0'
2016-03-04T17:40:43 Checking update-file '/usr/share/kde4/apps/kconf_update/mailtransports.upd' for new updates
2016-03-04T17:40:43 mailtransports.upd: Found new update 'initial-kmail-migration'
2016-03-04T17:40:43 mailtransports.upd: Running script 'migrate-transports.pl' with arguments 'kmail'
2016-03-04T17:40:43 mailtransports.upd: Found new update 'initial-knode-migration'
2016-03-04T17:40:43 mailtransports.upd: File 'knoderc' does not exist or empty, skipping
2016-03-04T17:40:43 Checking update-file '/usr/share/kde4/apps/kconf_update/kscreenlocker_locksession-shortcut.upd' for new updates
2016-03-04T17:40:43 kscreenlocker_locksession-shortcut.upd: Found new update '4.9-locksession-shortcut'
2016-03-04T17:40:43 kscreenlocker_locksession-shortcut.upd: Running script 'force_krunner_lock_shortcut_unreg'
2016-03-04T17:40:43 [Script] QDBusConnection: session D-Bus connection created before QCoreApplication. Application may misbehave.
2016-03-04T17:40:43 Checking update-file '/usr/share/kde4/apps/kconf_update/grantleetheme.upd' for new updates
2016-03-04T17:40:43 grantleetheme.upd: Found new update 'initial-grantlee-theme-migration'
2016-03-04T17:40:43 grantleetheme.upd: File 'kmail2rc' does not exist or empty, skipping
2016-03-04T17:40:43 Checking update-file '/usr/share/kde4/apps/kconf_update/kwin_update_tabbox_settings.upd' for new updates
2016-03-04T17:40:43 kwin_update_tabbox_settings.upd: Found new update 'Kwin-4.4'
2016-03-04T17:40:43 kwin_update_tabbox_settings.upd: Running script 'kwin_update_tabbox_settings'
2016-03-04T17:40:43 [Script] QDBusConnection: session D-Bus connection created before QCoreApplication. Application may misbehave.
2016-03-04T17:40:44 Checking update-file '/usr/share/kde4/apps/kconf_update/mailfilteragent.upd' for new updates
2016-03-04T17:40:44 mailfilteragent.upd: Found new update 'initial-mailfilteragent-migration'
2016-03-04T17:40:44 mailfilteragent.upd: File 'kmail2rc' does not exist or empty, skipping
2016-03-04T17:40:44 Checking update-file '/usr/share/kde4/apps/kconf_update/ksmserver_shortcuts.upd' for new updates
2016-03-04T17:40:44 ksmserver_shortcuts.upd: Found new update 'kde4.10'
2016-03-04T17:40:44 ksmserver_shortcuts.upd: Found new update 'kde4.10-remove-group-kscreenlocker'
2016-03-04T17:40:44 Checking update-file '/usr/share/kde4/apps/kconf_update/plasma-add-shortcut-to-menu.upd' for new updates
2016-03-04T17:40:44 plasma-add-shortcut-to-menu.upd: Found new update '4.1LauncherShortcut'
2016-03-04T17:40:44 plasma-add-shortcut-to-menu.upd:2:'Script=plasma-add-shortcut-to-menu-update': Script 'plasma-add-shortcut-to-menu-update' not found
2016-03-04T17:40:44 Checking update-file '/usr/share/kde4/apps/kconf_update/kwin_fsp_workarounds_1.upd' for new updates
2016-03-04T17:40:44 kwin_fsp_workarounds_1.upd: Found new update 'kde351'
2016-03-04T17:40:44 kwin_fsp_workarounds_1.upd: Running script 'kwin_update_default_rules' with arguments 'fsp_workarounds_1.kwinrules'
2016-03-04T17:40:44 [Script] QDBusConnection: session D-Bus connection created before QCoreApplication. Application may misbehave.
2016-03-04T17:40:44 Checking update-file '/usr/share/kde4/apps/kconf_update/oxygen.upd' for new updates
2016-03-04T17:40:44 oxygen.upd: Found new update '1'
2016-03-04T17:40:44 oxygen.upd: Running script 'update_oxygen.pl'
2016-03-04T17:40:44 Checking update-file '/usr/share/kde4/apps/kconf_update/kwin_update_410.upd' for new updates
2016-03-04T17:40:44 kwin_update_410.upd: Found new update 'Kwin-4.10_1'
2016-03-04T17:40:44 kwin_update_410.upd: Running script 'kwin_update_settings_410'
2016-03-04T17:40:44 [Script] QDBusConnection: session D-Bus connection created before QCoreApplication. Application may misbehave.
